-- Logs begin at Sat 2020-04-25 19:14:12 -03, end at Sat 2020-05-09 20:25:05 -03. --
mai 06 23:04:42 marcos-VirtualBox systemd[1]: Started Neo4j Graph Database.
mai 06 23:04:43 marcos-VirtualBox neo4j[8742]: Starting Neo4j.
mai 06 23:04:43 marcos-VirtualBox neo4j[8742]: 2020-05-07 02:04:43.922+0000 INFO  ======== Neo4j 4.0.4 ========
mai 06 23:04:43 marcos-VirtualBox neo4j[8742]: 2020-05-07 02:04:43.928+0000 INFO  Starting...
mai 06 23:05:19 marcos-VirtualBox neo4j[8742]: 2020-05-07 02:05:19.592+0000 INFO  Sending metrics to CSV file at /var/lib/neo4j/metrics
mai 06 23:05:19 marcos-VirtualBox neo4j[8742]: 2020-05-07 02:05:19.630+0000 INFO  Bolt enabled on localhost:7687.
mai 06 23:05:19 marcos-VirtualBox neo4j[8742]: 2020-05-07 02:05:19.630+0000 INFO  Started.
mai 06 23:05:19 marcos-VirtualBox neo4j[8742]: 2020-05-07 02:05:19.899+0000 INFO  Server thread metrics have been registered successfully
mai 06 23:05:20 marcos-VirtualBox neo4j[8742]: 2020-05-07 02:05:20.931+0000 INFO  Remote interface available at http://localhost:7474/
mai 06 23:15:30 marcos-VirtualBox systemd[1]: Stopping Neo4j Graph Database...
mai 06 23:15:30 marcos-VirtualBox neo4j[8742]: 2020-05-07 02:15:30.033+0000 INFO  Neo4j Server shutdown initiated by request
mai 06 23:15:30 marcos-VirtualBox neo4j[8742]: 2020-05-07 02:15:30.136+0000 INFO  Stopping...
mai 06 23:15:47 marcos-VirtualBox neo4j[8742]: 2020-05-07 02:15:47.244+0000 INFO  Stopped.
mai 06 23:15:47 marcos-VirtualBox systemd[1]: neo4j.service: Succeeded.
mai 06 23:15:47 marcos-VirtualBox systemd[1]: Stopped Neo4j Graph Database.
mai 06 23:15:47 marcos-VirtualBox systemd[1]: Started Neo4j Graph Database.
mai 06 23:15:47 marcos-VirtualBox neo4j[11222]: Starting Neo4j.
mai 06 23:15:48 marcos-VirtualBox neo4j[11222]: 2020-05-07 02:15:48.355+0000 INFO  ======== Neo4j 4.0.4 ========
mai 06 23:15:48 marcos-VirtualBox neo4j[11222]: 2020-05-07 02:15:48.362+0000 INFO  Starting...
mai 06 23:16:01 marcos-VirtualBox neo4j[11222]: 2020-05-07 02:16:01.183+0000 INFO  Sending metrics to CSV file at /var/lib/neo4j/metrics
mai 06 23:16:01 marcos-VirtualBox neo4j[11222]: 2020-05-07 02:16:01.249+0000 INFO  Bolt enabled on localhost:7687.
mai 06 23:16:01 marcos-VirtualBox neo4j[11222]: 2020-05-07 02:16:01.251+0000 INFO  Started.
mai 06 23:16:01 marcos-VirtualBox neo4j[11222]: 2020-05-07 02:16:01.431+0000 INFO  Server thread metrics have been registered successfully
mai 06 23:16:02 marcos-VirtualBox neo4j[11222]: 2020-05-07 02:16:02.690+0000 INFO  Remote interface available at http://localhost:7474/
mai 06 23:29:09 marcos-VirtualBox neo4j[11222]: 2020-05-07 02:29:09.696+0000 WARN  The client is unauthorized due to authentication failure.
mai 06 23:29:10 marcos-VirtualBox neo4j[11222]: 2020-05-07 02:29:10.928+0000 WARN  The client is unauthorized due to authentication failure.
mai 09 20:18:46 marcos-VirtualBox systemd[1]: Stopping Neo4j Graph Database...
mai 09 20:18:46 marcos-VirtualBox neo4j[11222]: 2020-05-09 23:18:46.934+0000 INFO  Neo4j Server shutdown initiated by request
mai 09 20:18:47 marcos-VirtualBox neo4j[11222]: 2020-05-09 23:18:47.094+0000 INFO  Stopping...
mai 09 20:19:02 marcos-VirtualBox neo4j[11222]: 2020-05-09 23:19:02.150+0000 INFO  Stopped.
mai 09 20:19:02 marcos-VirtualBox systemd[1]: neo4j.service: Succeeded.
mai 09 20:19:02 marcos-VirtualBox systemd[1]: Stopped Neo4j Graph Database.
mai 09 20:19:40 marcos-VirtualBox systemd[1]: Started Neo4j Graph Database.
mai 09 20:19:40 marcos-VirtualBox neo4j[91576]: Starting Neo4j.
mai 09 20:19:41 marcos-VirtualBox neo4j[91576]: 2020-05-09 23:19:41.465+0000 INFO  ======== Neo4j 4.0.4 ========
mai 09 20:19:41 marcos-VirtualBox neo4j[91576]: 2020-05-09 23:19:41.475+0000 INFO  Starting...
mai 09 20:19:54 marcos-VirtualBox neo4j[91576]: 2020-05-09 23:19:54.381+0000 INFO  Sending metrics to CSV file at /var/lib/neo4j/metrics
mai 09 20:19:54 marcos-VirtualBox neo4j[91576]: 2020-05-09 23:19:54.434+0000 INFO  Bolt enabled on localhost:7687.
mai 09 20:19:54 marcos-VirtualBox neo4j[91576]: 2020-05-09 23:19:54.435+0000 INFO  Started.
mai 09 20:19:54 marcos-VirtualBox neo4j[91576]: 2020-05-09 23:19:54.680+0000 INFO  Server thread metrics have been registered successfully
mai 09 20:19:56 marcos-VirtualBox neo4j[91576]: 2020-05-09 23:19:56.813+0000 INFO  Remote interface available at http://localhost:7474/
